<component name="libraryTable">
  <library name="junit-4.12">
    <CLASSES>
      <root url="jar://$USER_HOME$/Downloads/jar_files/junit-4.12.jar!/" />
      <root url="jar://$USER_HOME$/Downloads/jar_files/hamcrest-core-1.3.jar!/" />
      <root url="jar://$USER_HOME$/Downloads/jar_files (1)/mockito-all-1.10.19.jar!/" />
    </CLASSES>
    <JAVADOC />
    <SOURCES>
      <root url="jar://$USER_HOME$/Downloads/jar_files (1)/mockito-all-1.10.19.jar!/" />
    </SOURCES>
  </library>
</component>